<?xml version="1.0" encoding="UTF-8"?>
<!-- Generated by org.testng.reporters.JUnitXMLReporter -->
<testsuite ignored="0" hostname="DESKTOP-U57OPRT" failures="1" tests="1" name="Default test" time="2.855" errors="0" timestamp="2022-12-13T19:52:02 IST">
  <testcase classname="io.cucumber.testng.AbstractTestNGCucumberTests" name="runScenario" time="0.379">
    <failure type="java.lang.NullPointerException" message="Cannot invoke &amp;quot;Practice.SeleniumFrameworkDesign.pageObject.Landingpage.loginApplication(String, String)&amp;quot; because &amp;quot;this.landingpage&amp;quot; is null">
      <![CDATA[java.lang.NullPointerException: Cannot invoke "Practice.SeleniumFrameworkDesign.pageObject.Landingpage.loginApplication(String, String)" because "this.landingpage" is null
at Practice.SeleniumFrameworkDesign.stepDefinitions.stepDefinitionimplemention.Logged_in_with_username_and_password(stepDefinitionimplemention.java:31)
at ✽.Logged in with username utkarshsingh@gmail.com and password Utkarsh@12345(file:///C:/Users/vi/eclipse-workspace/SeleniumFrameworkDesign/src/test/java/cucumber/SubmitOrder.feature:11)
]]>
    </failure>
  </testcase> <!-- runScenario -->
</testsuite> <!-- Default test -->
