<?xml version="1.0" encoding="UTF-8"?>
<!-- Generated by org.testng.reporters.JUnitXMLReporter -->
<testsuite ignored="2" hostname="DESKTOP-U57OPRT" failures="0" tests="0" time="0.004" errors="0" timestamp="2022-12-15T12:22:57 IST">
  <testcase classname="Practice.SeleniumFrameworkDesignTests.InvalidCase_test" name="InvalidCredentials" time="0.0">
    <ignored/>
  </testcase> <!-- InvalidCredentials -->
  <testcase classname="Practice.SeleniumFrameworkDesignTests.InvalidCase_test" name="InValidProductErro" time="0.0">
    <ignored/>
  </testcase> <!-- InValidProductErro -->
</testsuite>
