<?xml version="1.0" encoding="UTF-8"?>
<!-- Generated by org.testng.reporters.JUnitXMLReporter -->
<testsuite ignored="0" hostname="DESKTOP-U57OPRT" failures="0" tests="4" name="Submit Order" time="42.564" errors="0" timestamp="2022-12-15T13:15:40 IST">
  <testcase classname="Practice.SeleniumFrameworkDesignTests.SubmitOrderTest" name="submitOrder" time="6.513"/>
  <testcase classname="Practice.SeleniumFrameworkDesignTests.SubmitOrderTest" name="submitOrder" time="0.006">
    <skipped/>
  </testcase> <!-- submitOrder -->
  <testcase classname="Practice.SeleniumFrameworkDesignTests.SubmitOrderTest" name="OrderHistroyTest" time="1.862"/>
  <testcase classname="Practice.SeleniumFrameworkDesignTests.SubmitOrderTest" name="OrderHistroyTest" time="1.739"/>
</testsuite> <!-- Submit Order -->
