<?xml version="1.0" encoding="UTF-8"?>
<!-- Generated by org.testng.reporters.JUnitXMLReporter -->
<testsuite ignored="2" hostname="DESKTOP-U57OPRT" failures="0" tests="0" time="0.03" errors="0" timestamp="2022-12-13T18:56:10 IST">
  <testcase classname="Practice.SeleniumFrameworkDesignTests.SubmitOrderTest" name="submitOrder" time="0.0">
    <ignored/>
  </testcase> <!-- submitOrder -->
  <testcase classname="Practice.SeleniumFrameworkDesignTests.SubmitOrderTest" name="OrderHistroyTest" time="0.0">
    <ignored/>
  </testcase> <!-- OrderHistroyTest -->
</testsuite>
